{"contracts/DigitalREToken.sol":{"l":{"23":3,"24":3,"25":3,"29":5,"30":3,"31":3,"32":3,"36":4,"37":2,"38":0,"39":0,"43":1,"44":1,"48":40,"49":40,"50":39,"54":9,"55":7,"56":5,"57":5,"58":5,"59":5,"60":5,"61":1,"65":6,"66":6,"67":4,"68":2,"69":2,"73":30,"74":29,"78":9,"79":7,"80":6,"85":4,"89":3,"90":3,"91":3,"92":3,"93":3,"97":55,"101":22,"102":22,"103":22},"path":"/Users/nidusha/MyDocuments/LectureNotes/Semester2/SmartContractEssentials/Assignment/DigitalRealestateToken/contracts/DigitalREToken.sol","s":{"1":3,"2":3,"3":3,"4":5,"5":3,"6":3,"7":3,"8":4,"9":2,"10":0,"11":0,"12":1,"13":1,"14":40,"15":40,"16":39,"17":9,"18":7,"19":5,"20":5,"21":5,"22":1,"23":6,"24":6,"25":4,"26":2,"27":2,"28":30,"29":29,"30":9,"31":7,"32":6,"33":4,"34":3,"35":3,"36":3,"37":3,"38":55,"39":22,"40":22,"41":22},"b":{"1":[3,2],"2":[2,2],"3":[0,2],"4":[1,0],"5":[39,1],"6":[7,2],"7":[5,2],"8":[4,2],"9":[2,2],"10":[29,1],"11":[7,2],"12":[6,1],"13":[3,0],"14":[3,0],"15":[22,0]},"f":{"1":3,"2":5,"3":4,"4":1,"5":40,"6":9,"7":6,"8":30,"9":9,"10":4,"11":3,"12":55,"13":22},"fnMap":{"1":{"name":"constructor","line":22,"loc":{"start":{"line":22,"column":4},"end":{"line":26,"column":4}}},"2":{"name":"addAsset","line":28,"loc":{"start":{"line":28,"column":4},"end":{"line":33,"column":4}}},"3":{"name":"build","line":35,"loc":{"start":{"line":35,"column":4},"end":{"line":40,"column":4}}},"4":{"name":"balanceOf","line":42,"loc":{"start":{"line":42,"column":4},"end":{"line":45,"column":4}}},"5":{"name":"ownerOf","line":47,"loc":{"start":{"line":47,"column":4},"end":{"line":51,"column":4}}},"6":{"name":"transferFrom","line":53,"loc":{"start":{"line":53,"column":4},"end":{"line":62,"column":4}}},"7":{"name":"approve","line":64,"loc":{"start":{"line":64,"column":4},"end":{"line":70,"column":4}}},"8":{"name":"getApproved","line":72,"loc":{"start":{"line":72,"column":4},"end":{"line":75,"column":4}}},"9":{"name":"clearApproval","line":77,"loc":{"start":{"line":77,"column":4},"end":{"line":82,"column":4}}},"10":{"name":"getAssetsSize","line":84,"loc":{"start":{"line":84,"column":4},"end":{"line":86,"column":4}}},"11":{"name":"mint","line":88,"loc":{"start":{"line":88,"column":4},"end":{"line":94,"column":4}}},"12":{"name":"exists","line":96,"loc":{"start":{"line":96,"column":4},"end":{"line":98,"column":4}}},"13":{"name":"isApprovedOrOwner","line":100,"loc":{"start":{"line":100,"column":4},"end":{"line":104,"column":4}}}},"statementMap":{"1":{"start":{"line":23,"column":8},"end":{"line":23,"column":30}},"2":{"start":{"line":24,"column":8},"end":{"line":24,"column":21}},"3":{"start":{"line":25,"column":8},"end":{"line":25,"column":25}},"4":{"start":{"line":29,"column":8},"end":{"line":29,"column":60}},"5":{"start":{"line":30,"column":8},"end":{"line":30,"column":56}},"6":{"start":{"line":31,"column":8},"end":{"line":31,"column":28}},"7":{"start":{"line":32,"column":8},"end":{"line":32,"column":36}},"8":{"start":{"line":36,"column":8},"end":{"line":36,"column":79}},"9":{"start":{"line":37,"column":8},"end":{"line":37,"column":88}},"10":{"start":{"line":38,"column":8},"end":{"line":38,"column":49}},"11":{"start":{"line":39,"column":8},"end":{"line":39,"column":74}},"12":{"start":{"line":43,"column":8},"end":{"line":43,"column":86}},"13":{"start":{"line":44,"column":8},"end":{"line":44,"column":43}},"14":{"start":{"line":48,"column":8},"end":{"line":48,"column":43}},"15":{"start":{"line":49,"column":8},"end":{"line":49,"column":54}},"16":{"start":{"line":50,"column":8},"end":{"line":50,"column":20}},"17":{"start":{"line":54,"column":8},"end":{"line":54,"column":79}},"18":{"start":{"line":55,"column":8},"end":{"line":55,"column":63}},"19":{"start":{"line":56,"column":8},"end":{"line":56,"column":51}},"20":{"start":{"line":59,"column":8},"end":{"line":59,"column":39}},"21":{"start":{"line":60,"column":8},"end":{"line":60,"column":67}},"22":{"start":{"line":61,"column":8},"end":{"line":61,"column":48}},"23":{"start":{"line":65,"column":8},"end":{"line":65,"column":40}},"24":{"start":{"line":66,"column":8},"end":{"line":66,"column":51}},"25":{"start":{"line":67,"column":8},"end":{"line":67,"column":55}},"26":{"start":{"line":68,"column":8},"end":{"line":68,"column":35}},"27":{"start":{"line":69,"column":8},"end":{"line":69,"column":41}},"28":{"start":{"line":73,"column":8},"end":{"line":73,"column":71}},"29":{"start":{"line":74,"column":8},"end":{"line":74,"column":38}},"30":{"start":{"line":78,"column":8},"end":{"line":78,"column":79}},"31":{"start":{"line":79,"column":8},"end":{"line":79,"column":2987}},"32":{"start":{"line":80,"column":12},"end":{"line":80,"column":47}},"33":{"start":{"line":85,"column":8},"end":{"line":85,"column":26}},"34":{"start":{"line":89,"column":8},"end":{"line":89,"column":57}},"35":{"start":{"line":90,"column":8},"end":{"line":90,"column":49}},"36":{"start":{"line":91,"column":8},"end":{"line":91,"column":31}},"37":{"start":{"line":93,"column":8},"end":{"line":93,"column":46}},"38":{"start":{"line":97,"column":8},"end":{"line":97,"column":48}},"39":{"start":{"line":101,"column":8},"end":{"line":101,"column":62}},"40":{"start":{"line":102,"column":8},"end":{"line":102,"column":40}},"41":{"start":{"line":103,"column":8},"end":{"line":103,"column":68}}},"branchMap":{"1":{"line":29,"type":"if","locations":[{"start":{"line":29,"column":8},"end":{"line":29,"column":8}},{"start":{"line":29,"column":8},"end":{"line":29,"column":8}}]},"2":{"line":36,"type":"if","locations":[{"start":{"line":36,"column":8},"end":{"line":36,"column":8}},{"start":{"line":36,"column":8},"end":{"line":36,"column":8}}]},"3":{"line":37,"type":"if","locations":[{"start":{"line":37,"column":8},"end":{"line":37,"column":8}},{"start":{"line":37,"column":8},"end":{"line":37,"column":8}}]},"4":{"line":43,"type":"if","locations":[{"start":{"line":43,"column":8},"end":{"line":43,"column":8}},{"start":{"line":43,"column":8},"end":{"line":43,"column":8}}]},"5":{"line":49,"type":"if","locations":[{"start":{"line":49,"column":8},"end":{"line":49,"column":8}},{"start":{"line":49,"column":8},"end":{"line":49,"column":8}}]},"6":{"line":54,"type":"if","locations":[{"start":{"line":54,"column":8},"end":{"line":54,"column":8}},{"start":{"line":54,"column":8},"end":{"line":54,"column":8}}]},"7":{"line":55,"type":"if","locations":[{"start":{"line":55,"column":8},"end":{"line":55,"column":8}},{"start":{"line":55,"column":8},"end":{"line":55,"column":8}}]},"8":{"line":66,"type":"if","locations":[{"start":{"line":66,"column":8},"end":{"line":66,"column":8}},{"start":{"line":66,"column":8},"end":{"line":66,"column":8}}]},"9":{"line":67,"type":"if","locations":[{"start":{"line":67,"column":8},"end":{"line":67,"column":8}},{"start":{"line":67,"column":8},"end":{"line":67,"column":8}}]},"10":{"line":73,"type":"if","locations":[{"start":{"line":73,"column":8},"end":{"line":73,"column":8}},{"start":{"line":73,"column":8},"end":{"line":73,"column":8}}]},"11":{"line":78,"type":"if","locations":[{"start":{"line":78,"column":8},"end":{"line":78,"column":8}},{"start":{"line":78,"column":8},"end":{"line":78,"column":8}}]},"12":{"line":79,"type":"if","locations":[{"start":{"line":79,"column":8},"end":{"line":79,"column":8}},{"start":{"line":79,"column":8},"end":{"line":79,"column":8}}]},"13":{"line":89,"type":"if","locations":[{"start":{"line":89,"column":8},"end":{"line":89,"column":8}},{"start":{"line":89,"column":8},"end":{"line":89,"column":8}}]},"14":{"line":90,"type":"if","locations":[{"start":{"line":90,"column":8},"end":{"line":90,"column":8}},{"start":{"line":90,"column":8},"end":{"line":90,"column":8}}]},"15":{"line":101,"type":"if","locations":[{"start":{"line":101,"column":8},"end":{"line":101,"column":8}},{"start":{"line":101,"column":8},"end":{"line":101,"column":8}}]}}},"contracts/ERC721Standard.sol":{"l":{"35":3,"36":3,"40":0,"44":0,"48":0,"53":0,"54":0,"58":0,"62":0,"66":0,"67":0,"71":0,"72":0,"74":0,"75":0,"78":0,"79":0,"82":0,"86":0,"87":0,"90":0,"91":0,"92":0,"93":0,"94":0,"97":0,"98":0,"99":0,"101":0,"102":0,"103":0,"106":0,"110":0,"111":0,"115":0,"116":0,"117":0,"118":0,"119":0,"120":0,"124":0,"125":0,"129":0,"130":0,"131":0,"135":0,"139":0,"141":0,"142":0,"143":0,"144":0,"146":0,"147":0,"150":0,"153":0,"154":0,"155":0,"156":0,"161":0,"164":0,"168":0,"169":0,"173":0,"174":0,"178":0,"179":0,"183":0,"184":0,"188":0,"189":0,"191":0,"193":0,"194":0,"195":0,"197":0,"201":0,"202":0,"205":0,"207":0,"208":0,"209":0,"213":0,"214":0,"217":0,"221":0,"222":0,"223":0},"path":"/Users/nidusha/MyDocuments/LectureNotes/Semester2/SmartContractEssentials/Assignment/DigitalRealestateToken/contracts/ERC721Standard.sol","s":{"1":3,"2":3,"3":0,"4":0,"5":0,"6":0,"7":0,"8":0,"9":0,"10":0,"11":0,"12":0,"13":0,"14":0,"15":0,"16":0,"17":0,"18":0,"19":0,"20":0,"21":0,"22":0,"23":0,"24":0,"25":0,"26":0,"27":0,"28":0,"29":0,"30":0,"31":0,"32":0,"33":0,"34":0,"35":0,"36":0,"37":0,"38":0,"39":0,"40":0,"41":0,"42":0,"43":0,"44":0,"45":0,"46":0,"47":0,"48":0,"49":0,"50":0,"51":0,"52":0,"53":0,"54":0,"55":0,"56":0,"57":0,"58":0,"59":0,"60":0,"61":0,"62":0,"63":0,"64":0,"65":0,"66":0,"67":0,"68":0,"69":0,"70":0,"71":0,"72":0,"73":0,"74":0,"75":0,"76":0,"77":0,"78":0,"79":0,"80":0,"81":0,"82":0,"83":0,"84":0},"b":{"1":[0,0],"2":[0,0],"3":[0,0],"4":[0,0],"5":[0,0],"6":[0,0],"7":[0,0],"8":[0,0],"9":[0,0],"10":[0,0],"11":[0,0],"12":[0,0],"13":[0,0],"14":[0,0],"15":[0,0],"16":[0,0],"17":[0,0],"18":[0,0],"19":[0,0],"20":[0,0],"21":[0,0],"22":[0,0],"23":[0,0],"24":[0,0],"25":[0,0]},"f":{"1":3,"2":0,"3":0,"4":0,"5":0,"6":0,"7":0,"8":0,"9":0,"10":0,"11":0,"12":0,"13":0,"14":0,"15":0,"16":0,"17":0,"18":0,"19":0,"20":0,"21":0,"22":0,"23":0,"24":0,"25":0},"fnMap":{"1":{"name":"constructor","line":34,"loc":{"start":{"line":34,"column":4},"end":{"line":37,"column":4}}},"2":{"name":"name","line":39,"loc":{"start":{"line":39,"column":4},"end":{"line":41,"column":4}}},"3":{"name":"symbol","line":43,"loc":{"start":{"line":43,"column":4},"end":{"line":45,"column":4}}},"4":{"name":"totalSupply","line":47,"loc":{"start":{"line":47,"column":4},"end":{"line":49,"column":4}}},"5":{"name":"tokenOfOwnerByIndex","line":52,"loc":{"start":{"line":52,"column":4},"end":{"line":55,"column":4}}},"6":{"name":"getTokenIndexByTokenID","line":57,"loc":{"start":{"line":57,"column":4},"end":{"line":59,"column":4}}},"7":{"name":"tokenByIndex","line":61,"loc":{"start":{"line":61,"column":4},"end":{"line":63,"column":4}}},"8":{"name":"balanceOf","line":65,"loc":{"start":{"line":65,"column":4},"end":{"line":68,"column":4}}},"9":{"name":"tokenURI","line":70,"loc":{"start":{"line":70,"column":4},"end":{"line":83,"column":4}}},"10":{"name":"_toString","line":85,"loc":{"start":{"line":85,"column":4},"end":{"line":107,"column":4}}},"11":{"name":"ownerOf","line":109,"loc":{"start":{"line":109,"column":4},"end":{"line":112,"column":4}}},"12":{"name":"approve","line":114,"loc":{"start":{"line":114,"column":4},"end":{"line":121,"column":4}}},"13":{"name":"getApproved","line":123,"loc":{"start":{"line":123,"column":4},"end":{"line":126,"column":4}}},"14":{"name":"setApprovalForAll","line":128,"loc":{"start":{"line":128,"column":4},"end":{"line":132,"column":4}}},"15":{"name":"isApprovedForAll","line":134,"loc":{"start":{"line":134,"column":4},"end":{"line":136,"column":4}}},"16":{"name":"transferFrom","line":138,"loc":{"start":{"line":138,"column":4},"end":{"line":165,"column":4}}},"17":{"name":"safeTransferFrom","line":167,"loc":{"start":{"line":167,"column":4},"end":{"line":170,"column":4}}},"18":{"name":"safeTransferFrom","line":172,"loc":{"start":{"line":172,"column":4},"end":{"line":175,"column":4}}},"19":{"name":"safeMint","line":177,"loc":{"start":{"line":177,"column":4},"end":{"line":180,"column":4}}},"20":{"name":"safeMint","line":182,"loc":{"start":{"line":182,"column":4},"end":{"line":185,"column":4}}},"21":{"name":"mint","line":187,"loc":{"start":{"line":187,"column":4},"end":{"line":198,"column":4}}},"22":{"name":"_checkOnERC721Received","line":200,"loc":{"start":{"line":200,"column":4},"end":{"line":210,"column":4}}},"23":{"name":"_exists","line":212,"loc":{"start":{"line":212,"column":4},"end":{"line":218,"column":4}}},"24":{"name":"isContract","line":220,"loc":{"start":{"line":220,"column":4},"end":{"line":224,"column":4}}},"25":{"name":"supportsInterface","line":226,"loc":{"start":{"line":226,"column":5},"end":{"line":228,"column":5}}}},"statementMap":{"1":{"start":{"line":35,"column":8},"end":{"line":35,"column":20}},"2":{"start":{"line":36,"column":8},"end":{"line":36,"column":24}},"3":{"start":{"line":40,"column":8},"end":{"line":40,"column":20}},"4":{"start":{"line":44,"column":8},"end":{"line":44,"column":22}},"5":{"start":{"line":48,"column":8},"end":{"line":48,"column":31}},"6":{"start":{"line":53,"column":8},"end":{"line":53,"column":58}},"7":{"start":{"line":54,"column":8},"end":{"line":54,"column":45}},"8":{"start":{"line":58,"column":8},"end":{"line":58,"column":45}},"9":{"start":{"line":62,"column":8},"end":{"line":62,"column":32}},"10":{"start":{"line":66,"column":8},"end":{"line":66,"column":79}},"11":{"start":{"line":67,"column":8},"end":{"line":67,"column":45}},"12":{"start":{"line":71,"column":8},"end":{"line":71,"column":80}},"13":{"start":{"line":72,"column":8},"end":{"line":72,"column":54}},"14":{"start":{"line":74,"column":8},"end":{"line":74,"column":2253}},"15":{"start":{"line":75,"column":12},"end":{"line":75,"column":28}},"16":{"start":{"line":78,"column":8},"end":{"line":78,"column":2344}},"17":{"start":{"line":79,"column":12},"end":{"line":79,"column":63}},"18":{"start":{"line":82,"column":8},"end":{"line":82,"column":70}},"19":{"start":{"line":86,"column":8},"end":{"line":86,"column":2633}},"20":{"start":{"line":87,"column":12},"end":{"line":87,"column":22}},"21":{"start":{"line":90,"column":8},"end":{"line":90,"column":23}},"22":{"start":{"line":91,"column":8},"end":{"line":91,"column":30}},"23":{"start":{"line":92,"column":8},"end":{"line":92,"column":2760}},"24":{"start":{"line":94,"column":12},"end":{"line":94,"column":22}},"25":{"start":{"line":97,"column":8},"end":{"line":97,"column":48}},"26":{"start":{"line":98,"column":8},"end":{"line":98,"column":35}},"27":{"start":{"line":99,"column":8},"end":{"line":99,"column":21}},"28":{"start":{"line":101,"column":8},"end":{"line":101,"column":2975}},"29":{"start":{"line":102,"column":12},"end":{"line":102,"column":57}},"30":{"start":{"line":103,"column":12},"end":{"line":103,"column":22}},"31":{"start":{"line":106,"column":8},"end":{"line":106,"column":29}},"32":{"start":{"line":110,"column":8},"end":{"line":110,"column":80}},"33":{"start":{"line":111,"column":8},"end":{"line":111,"column":41}},"34":{"start":{"line":115,"column":8},"end":{"line":115,"column":80}},"35":{"start":{"line":116,"column":8},"end":{"line":116,"column":51}},"36":{"start":{"line":117,"column":8},"end":{"line":117,"column":96}},"37":{"start":{"line":118,"column":8},"end":{"line":118,"column":72}},"38":{"start":{"line":119,"column":8},"end":{"line":119,"column":44}},"39":{"start":{"line":120,"column":8},"end":{"line":120,"column":50}},"40":{"start":{"line":124,"column":8},"end":{"line":124,"column":80}},"41":{"start":{"line":125,"column":8},"end":{"line":125,"column":40}},"42":{"start":{"line":129,"column":8},"end":{"line":129,"column":68}},"43":{"start":{"line":130,"column":8},"end":{"line":130,"column":60}},"44":{"start":{"line":131,"column":8},"end":{"line":131,"column":61}},"45":{"start":{"line":135,"column":8},"end":{"line":135,"column":52}},"46":{"start":{"line":139,"column":8},"end":{"line":139,"column":80}},"47":{"start":{"line":141,"column":8},"end":{"line":141,"column":51}},"48":{"start":{"line":142,"column":8},"end":{"line":142,"column":37}},"49":{"start":{"line":143,"column":8},"end":{"line":143,"column":130}},"50":{"start":{"line":144,"column":8},"end":{"line":144,"column":87}},"51":{"start":{"line":146,"column":8},"end":{"line":146,"column":76}},"52":{"start":{"line":147,"column":8},"end":{"line":147,"column":73}},"53":{"start":{"line":150,"column":8},"end":{"line":150,"column":36}},"54":{"start":{"line":153,"column":8},"end":{"line":153,"column":44}},"55":{"start":{"line":154,"column":8},"end":{"line":154,"column":5460}},"56":{"start":{"line":155,"column":12},"end":{"line":155,"column":5515}},"57":{"start":{"line":161,"column":8},"end":{"line":161,"column":42}},"58":{"start":{"line":164,"column":8},"end":{"line":164,"column":43}},"59":{"start":{"line":168,"column":8},"end":{"line":168,"column":43}},"60":{"start":{"line":169,"column":8},"end":{"line":169,"column":67}},"61":{"start":{"line":173,"column":8},"end":{"line":173,"column":41}},"62":{"start":{"line":174,"column":8},"end":{"line":174,"column":64}},"63":{"start":{"line":178,"column":8},"end":{"line":178,"column":26}},"64":{"start":{"line":179,"column":8},"end":{"line":179,"column":69}},"65":{"start":{"line":183,"column":8},"end":{"line":183,"column":26}},"66":{"start":{"line":184,"column":8},"end":{"line":184,"column":71}},"67":{"start":{"line":188,"column":8},"end":{"line":188,"column":69}},"68":{"start":{"line":189,"column":8},"end":{"line":189,"column":81}},"69":{"start":{"line":191,"column":8},"end":{"line":191,"column":42}},"70":{"start":{"line":193,"column":8},"end":{"line":193,"column":31}},"71":{"start":{"line":194,"column":8},"end":{"line":194,"column":42}},"72":{"start":{"line":195,"column":8},"end":{"line":195,"column":46}},"73":{"start":{"line":197,"column":8},"end":{"line":197,"column":48}},"74":{"start":{"line":201,"column":8},"end":{"line":201,"column":7269}},"75":{"start":{"line":202,"column":12},"end":{"line":202,"column":23}},"76":{"start":{"line":205,"column":8},"end":{"line":205,"column":7460}},"77":{"start":{"line":207,"column":8},"end":{"line":207,"column":43}},"78":{"start":{"line":208,"column":8},"end":{"line":208,"column":58}},"79":{"start":{"line":209,"column":8},"end":{"line":209,"column":44}},"80":{"start":{"line":213,"column":8},"end":{"line":213,"column":7764}},"81":{"start":{"line":214,"column":12},"end":{"line":214,"column":24}},"82":{"start":{"line":217,"column":8},"end":{"line":217,"column":70}},"83":{"start":{"line":221,"column":8},"end":{"line":221,"column":21}},"84":{"start":{"line":223,"column":8},"end":{"line":223,"column":24}}},"branchMap":{"1":{"line":66,"type":"if","locations":[{"start":{"line":66,"column":8},"end":{"line":66,"column":8}},{"start":{"line":66,"column":8},"end":{"line":66,"column":8}}]},"2":{"line":71,"type":"if","locations":[{"start":{"line":71,"column":8},"end":{"line":71,"column":8}},{"start":{"line":71,"column":8},"end":{"line":71,"column":8}}]},"3":{"line":74,"type":"if","locations":[{"start":{"line":74,"column":8},"end":{"line":74,"column":8}},{"start":{"line":74,"column":8},"end":{"line":74,"column":8}}]},"4":{"line":78,"type":"if","locations":[{"start":{"line":78,"column":8},"end":{"line":78,"column":8}},{"start":{"line":78,"column":8},"end":{"line":78,"column":8}}]},"5":{"line":86,"type":"if","locations":[{"start":{"line":86,"column":8},"end":{"line":86,"column":8}},{"start":{"line":86,"column":8},"end":{"line":86,"column":8}}]},"6":{"line":110,"type":"if","locations":[{"start":{"line":110,"column":8},"end":{"line":110,"column":8}},{"start":{"line":110,"column":8},"end":{"line":110,"column":8}}]},"7":{"line":115,"type":"if","locations":[{"start":{"line":115,"column":8},"end":{"line":115,"column":8}},{"start":{"line":115,"column":8},"end":{"line":115,"column":8}}]},"8":{"line":117,"type":"if","locations":[{"start":{"line":117,"column":8},"end":{"line":117,"column":8}},{"start":{"line":117,"column":8},"end":{"line":117,"column":8}}]},"9":{"line":118,"type":"if","locations":[{"start":{"line":118,"column":8},"end":{"line":118,"column":8}},{"start":{"line":118,"column":8},"end":{"line":118,"column":8}}]},"10":{"line":124,"type":"if","locations":[{"start":{"line":124,"column":8},"end":{"line":124,"column":8}},{"start":{"line":124,"column":8},"end":{"line":124,"column":8}}]},"11":{"line":129,"type":"if","locations":[{"start":{"line":129,"column":8},"end":{"line":129,"column":8}},{"start":{"line":129,"column":8},"end":{"line":129,"column":8}}]},"12":{"line":139,"type":"if","locations":[{"start":{"line":139,"column":8},"end":{"line":139,"column":8}},{"start":{"line":139,"column":8},"end":{"line":139,"column":8}}]},"13":{"line":144,"type":"if","locations":[{"start":{"line":144,"column":8},"end":{"line":144,"column":8}},{"start":{"line":144,"column":8},"end":{"line":144,"column":8}}]},"14":{"line":146,"type":"if","locations":[{"start":{"line":146,"column":8},"end":{"line":146,"column":8}},{"start":{"line":146,"column":8},"end":{"line":146,"column":8}}]},"15":{"line":147,"type":"if","locations":[{"start":{"line":147,"column":8},"end":{"line":147,"column":8}},{"start":{"line":147,"column":8},"end":{"line":147,"column":8}}]},"16":{"line":155,"type":"if","locations":[{"start":{"line":155,"column":12},"end":{"line":155,"column":12}},{"start":{"line":155,"column":12},"end":{"line":155,"column":12}}]},"17":{"line":169,"type":"if","locations":[{"start":{"line":169,"column":8},"end":{"line":169,"column":8}},{"start":{"line":169,"column":8},"end":{"line":169,"column":8}}]},"18":{"line":174,"type":"if","locations":[{"start":{"line":174,"column":8},"end":{"line":174,"column":8}},{"start":{"line":174,"column":8},"end":{"line":174,"column":8}}]},"19":{"line":179,"type":"if","locations":[{"start":{"line":179,"column":8},"end":{"line":179,"column":8}},{"start":{"line":179,"column":8},"end":{"line":179,"column":8}}]},"20":{"line":184,"type":"if","locations":[{"start":{"line":184,"column":8},"end":{"line":184,"column":8}},{"start":{"line":184,"column":8},"end":{"line":184,"column":8}}]},"21":{"line":188,"type":"if","locations":[{"start":{"line":188,"column":8},"end":{"line":188,"column":8}},{"start":{"line":188,"column":8},"end":{"line":188,"column":8}}]},"22":{"line":189,"type":"if","locations":[{"start":{"line":189,"column":8},"end":{"line":189,"column":8}},{"start":{"line":189,"column":8},"end":{"line":189,"column":8}}]},"23":{"line":201,"type":"if","locations":[{"start":{"line":201,"column":8},"end":{"line":201,"column":8}},{"start":{"line":201,"column":8},"end":{"line":201,"column":8}}]},"24":{"line":207,"type":"if","locations":[{"start":{"line":207,"column":8},"end":{"line":207,"column":8}},{"start":{"line":207,"column":8},"end":{"line":207,"column":8}}]},"25":{"line":213,"type":"if","locations":[{"start":{"line":213,"column":8},"end":{"line":213,"column":8}},{"start":{"line":213,"column":8},"end":{"line":213,"column":8}}]}}},"contracts/EscrowService.sol":{"l":{"34":3,"38":0,"39":0,"43":0,"44":0,"45":0,"46":0,"47":0,"48":0,"49":0,"50":0,"51":0,"52":0,"53":0,"54":0,"55":0,"56":0,"57":0,"59":0,"60":0,"61":0,"62":0,"64":0,"68":0,"69":0,"70":0,"71":0,"72":0,"76":0,"77":0,"78":0,"79":0,"80":0,"81":0,"82":0,"86":0,"87":0,"88":0,"89":0,"90":0,"91":0,"92":0,"96":0,"100":0,"101":0,"102":0,"103":0,"107":0,"111":0,"112":0,"113":0,"114":0},"path":"/Users/nidusha/MyDocuments/LectureNotes/Semester2/SmartContractEssentials/Assignment/DigitalRealestateToken/contracts/EscrowService.sol","s":{"1":3,"2":0,"3":0,"4":0,"5":0,"6":0,"7":0,"8":0,"9":0,"10":0,"11":0,"12":0,"13":0,"14":0,"15":0,"16":0,"17":0,"18":0,"19":0,"20":0,"21":0,"22":0,"23":0,"24":0,"25":0,"26":0,"27":0,"28":0,"29":0,"30":0,"31":0,"32":0,"33":0,"34":0,"35":0,"36":0,"37":0,"38":0,"39":0,"40":0,"41":0,"42":0,"43":0,"44":0,"45":0,"46":0,"47":0,"48":0,"49":0,"50":0,"51":0,"52":0},"b":{"1":[0,0],"2":[0,0],"3":[0,0],"4":[0,0],"5":[0,0],"6":[0,0],"7":[0,0],"8":[0,0],"9":[0,0],"10":[0,0],"11":[0,0],"12":[0,0],"13":[0,0],"14":[0,0],"15":[0,0],"16":[0,0],"17":[0,0]},"f":{"1":3,"2":0,"3":0,"4":0,"5":0,"6":0,"7":0,"8":0,"9":0,"10":0},"fnMap":{"1":{"name":"constructor","line":33,"loc":{"start":{"line":33,"column":4},"end":{"line":35,"column":4}}},"2":{"name":"setEscrowFee","line":37,"loc":{"start":{"line":37,"column":4},"end":{"line":40,"column":4}}},"3":{"name":"addEscrow","line":42,"loc":{"start":{"line":42,"column":4},"end":{"line":65,"column":4}}},"4":{"name":"confirmDelivery","line":67,"loc":{"start":{"line":67,"column":4},"end":{"line":73,"column":4}}},"5":{"name":"releasePayment","line":75,"loc":{"start":{"line":75,"column":4},"end":{"line":83,"column":4}}},"6":{"name":"refundPayment","line":85,"loc":{"start":{"line":85,"column":4},"end":{"line":93,"column":4}}},"7":{"name":"getEscrowCountForBuyer","line":95,"loc":{"start":{"line":95,"column":4},"end":{"line":97,"column":4}}},"8":{"name":"getEscrowByTrnxId","line":99,"loc":{"start":{"line":99,"column":4},"end":{"line":104,"column":4}}},"9":{"name":"getTransactionsCountForAgent","line":106,"loc":{"start":{"line":106,"column":4},"end":{"line":108,"column":4}}},"10":{"name":"getTransactionByIndex","line":110,"loc":{"start":{"line":110,"column":4},"end":{"line":115,"column":4}}}},"statementMap":{"1":{"start":{"line":34,"column":8},"end":{"line":34,"column":25}},"2":{"start":{"line":38,"column":8},"end":{"line":38,"column":53}},"3":{"start":{"line":39,"column":8},"end":{"line":39,"column":34}},"4":{"start":{"line":43,"column":8},"end":{"line":43,"column":55}},"5":{"start":{"line":44,"column":8},"end":{"line":44,"column":53}},"6":{"start":{"line":45,"column":8},"end":{"line":45,"column":29}},"7":{"start":{"line":46,"column":8},"end":{"line":46,"column":38}},"8":{"start":{"line":47,"column":8},"end":{"line":47,"column":47}},"9":{"start":{"line":48,"column":8},"end":{"line":48,"column":47}},"10":{"start":{"line":49,"column":8},"end":{"line":49,"column":36}},"11":{"start":{"line":50,"column":8},"end":{"line":50,"column":33}},"12":{"start":{"line":51,"column":8},"end":{"line":51,"column":36}},"13":{"start":{"line":52,"column":8},"end":{"line":52,"column":34}},"14":{"start":{"line":53,"column":8},"end":{"line":53,"column":32}},"15":{"start":{"line":54,"column":8},"end":{"line":54,"column":28}},"16":{"start":{"line":55,"column":8},"end":{"line":55,"column":36}},"17":{"start":{"line":56,"column":8},"end":{"line":56,"column":44}},"18":{"start":{"line":57,"column":8},"end":{"line":57,"column":42}},"19":{"start":{"line":59,"column":8},"end":{"line":59,"column":46}},"20":{"start":{"line":60,"column":8},"end":{"line":60,"column":41}},"21":{"start":{"line":61,"column":8},"end":{"line":61,"column":38}},"22":{"start":{"line":62,"column":8},"end":{"line":62,"column":43}},"23":{"start":{"line":64,"column":8},"end":{"line":64,"column":21}},"24":{"start":{"line":68,"column":8},"end":{"line":68,"column":77}},"25":{"start":{"line":69,"column":8},"end":{"line":69,"column":66}},"26":{"start":{"line":70,"column":8},"end":{"line":70,"column":73}},"27":{"start":{"line":71,"column":8},"end":{"line":71,"column":81}},"28":{"start":{"line":72,"column":8},"end":{"line":72,"column":58}},"29":{"start":{"line":76,"column":8},"end":{"line":76,"column":73}},"30":{"start":{"line":77,"column":8},"end":{"line":77,"column":62}},"31":{"start":{"line":78,"column":8},"end":{"line":78,"column":67}},"32":{"start":{"line":79,"column":8},"end":{"line":79,"column":79}},"33":{"start":{"line":80,"column":8},"end":{"line":80,"column":53}},"34":{"start":{"line":81,"column":8},"end":{"line":81,"column":83}},"35":{"start":{"line":82,"column":8},"end":{"line":82,"column":74}},"36":{"start":{"line":86,"column":8},"end":{"line":86,"column":73}},"37":{"start":{"line":87,"column":8},"end":{"line":87,"column":62}},"38":{"start":{"line":88,"column":8},"end":{"line":88,"column":67}},"39":{"start":{"line":89,"column":8},"end":{"line":89,"column":100}},"40":{"start":{"line":90,"column":8},"end":{"line":90,"column":53}},"41":{"start":{"line":91,"column":8},"end":{"line":91,"column":82}},"42":{"start":{"line":92,"column":8},"end":{"line":92,"column":74}},"43":{"start":{"line":96,"column":8},"end":{"line":96,"column":40}},"44":{"start":{"line":100,"column":8},"end":{"line":100,"column":73}},"45":{"start":{"line":101,"column":8},"end":{"line":101,"column":62}},"46":{"start":{"line":102,"column":8},"end":{"line":102,"column":131}},"47":{"start":{"line":103,"column":8},"end":{"line":103,"column":142}},"48":{"start":{"line":107,"column":8},"end":{"line":107,"column":40}},"49":{"start":{"line":111,"column":8},"end":{"line":111,"column":79}},"50":{"start":{"line":112,"column":8},"end":{"line":112,"column":75}},"51":{"start":{"line":113,"column":8},"end":{"line":113,"column":92}},"52":{"start":{"line":114,"column":8},"end":{"line":114,"column":142}}},"branchMap":{"1":{"line":38,"type":"if","locations":[{"start":{"line":38,"column":8},"end":{"line":38,"column":8}},{"start":{"line":38,"column":8},"end":{"line":38,"column":8}}]},"2":{"line":43,"type":"if","locations":[{"start":{"line":43,"column":8},"end":{"line":43,"column":8}},{"start":{"line":43,"column":8},"end":{"line":43,"column":8}}]},"3":{"line":44,"type":"if","locations":[{"start":{"line":44,"column":8},"end":{"line":44,"column":8}},{"start":{"line":44,"column":8},"end":{"line":44,"column":8}}]},"4":{"line":45,"type":"if","locations":[{"start":{"line":45,"column":8},"end":{"line":45,"column":8}},{"start":{"line":45,"column":8},"end":{"line":45,"column":8}}]},"5":{"line":47,"type":"if","locations":[{"start":{"line":47,"column":8},"end":{"line":47,"column":8}},{"start":{"line":47,"column":8},"end":{"line":47,"column":8}}]},"6":{"line":68,"type":"if","locations":[{"start":{"line":68,"column":8},"end":{"line":68,"column":8}},{"start":{"line":68,"column":8},"end":{"line":68,"column":8}}]},"7":{"line":70,"type":"if","locations":[{"start":{"line":70,"column":8},"end":{"line":70,"column":8}},{"start":{"line":70,"column":8},"end":{"line":70,"column":8}}]},"8":{"line":71,"type":"if","locations":[{"start":{"line":71,"column":8},"end":{"line":71,"column":8}},{"start":{"line":71,"column":8},"end":{"line":71,"column":8}}]},"9":{"line":76,"type":"if","locations":[{"start":{"line":76,"column":8},"end":{"line":76,"column":8}},{"start":{"line":76,"column":8},"end":{"line":76,"column":8}}]},"10":{"line":78,"type":"if","locations":[{"start":{"line":78,"column":8},"end":{"line":78,"column":8}},{"start":{"line":78,"column":8},"end":{"line":78,"column":8}}]},"11":{"line":79,"type":"if","locations":[{"start":{"line":79,"column":8},"end":{"line":79,"column":8}},{"start":{"line":79,"column":8},"end":{"line":79,"column":8}}]},"12":{"line":86,"type":"if","locations":[{"start":{"line":86,"column":8},"end":{"line":86,"column":8}},{"start":{"line":86,"column":8},"end":{"line":86,"column":8}}]},"13":{"line":88,"type":"if","locations":[{"start":{"line":88,"column":8},"end":{"line":88,"column":8}},{"start":{"line":88,"column":8},"end":{"line":88,"column":8}}]},"14":{"line":89,"type":"if","locations":[{"start":{"line":89,"column":8},"end":{"line":89,"column":8}},{"start":{"line":89,"column":8},"end":{"line":89,"column":8}}]},"15":{"line":100,"type":"if","locations":[{"start":{"line":100,"column":8},"end":{"line":100,"column":8}},{"start":{"line":100,"column":8},"end":{"line":100,"column":8}}]},"16":{"line":102,"type":"if","locations":[{"start":{"line":102,"column":8},"end":{"line":102,"column":8}},{"start":{"line":102,"column":8},"end":{"line":102,"column":8}}]},"17":{"line":111,"type":"if","locations":[{"start":{"line":111,"column":8},"end":{"line":111,"column":8}},{"start":{"line":111,"column":8},"end":{"line":111,"column":8}}]}}},"contracts/IERC165.sol":{"l":{},"path":"/Users/nidusha/MyDocuments/LectureNotes/Semester2/SmartContractEssentials/Assignment/DigitalRealestateToken/contracts/IERC165.sol","s":{},"b":{},"f":{},"fnMap":{},"statementMap":{},"branchMap":{}},"contracts/IERC721.sol":{"l":{},"path":"/Users/nidusha/MyDocuments/LectureNotes/Semester2/SmartContractEssentials/Assignment/DigitalRealestateToken/contracts/IERC721.sol","s":{},"b":{},"f":{},"fnMap":{},"statementMap":{},"branchMap":{}},"contracts/IERC721Enumerable.sol":{"l":{},"path":"/Users/nidusha/MyDocuments/LectureNotes/Semester2/SmartContractEssentials/Assignment/DigitalRealestateToken/contracts/IERC721Enumerable.sol","s":{},"b":{},"f":{},"fnMap":{},"statementMap":{},"branchMap":{}},"contracts/IERC721Metadata.sol":{"l":{},"path":"/Users/nidusha/MyDocuments/LectureNotes/Semester2/SmartContractEssentials/Assignment/DigitalRealestateToken/contracts/IERC721Metadata.sol","s":{},"b":{},"f":{},"fnMap":{},"statementMap":{},"branchMap":{}}}